<?xml version="1.0" encoding="UTF-8"?>
<!-- Generated by org.testng.reporters.JUnitXMLReporter -->
<testsuite hostname="Sidharth" ignored="0" name="Test" tests="5" failures="0" timestamp="2020-11-10T04:33:25 IST" time="79.316" errors="0">
  <testcase name="fetchOrderDetails" time="0.011" classname="com.ap.testcases.CheckOrderHistory"/>
  <testcase name="loginUser" time="6.511" classname="com.ap.testcases.CheckOrderHistory"/>
  <testcase name="addAddress" time="15.952" classname="com.ap.testcases.CheckOrderHistory"/>
  <testcase name="selectProduct" time="23.88" classname="com.ap.testcases.CheckOrderHistory"/>
  <testcase name="checkoutProduct" time="14.343" classname="com.ap.testcases.CheckOrderHistory"/>
</testsuite> <!-- Test -->
