<?xml version="1.0" encoding="UTF-8"?>
<!-- Generated by org.testng.reporters.JUnitXMLReporter -->
<testsuite hostname="Sidharth" ignored="0" name="Test" tests="5" failures="0" timestamp="2020-11-10T07:53:00 IST" time="106.7" errors="0">
  <testcase name="fetchOrderDetails" time="0.009" classname="com.ap.testcases.CheckOrderHistory"/>
  <testcase name="loginUser" time="9.112" classname="com.ap.testcases.CheckOrderHistory"/>
  <testcase name="addAddress" time="13.291" classname="com.ap.testcases.CheckOrderHistory"/>
  <testcase name="selectProduct" time="23.97" classname="com.ap.testcases.CheckOrderHistory"/>
  <testcase name="checkoutProduct" time="42.083" classname="com.ap.testcases.CheckOrderHistory"/>
</testsuite> <!-- Test -->
